{"contracts/TrainingCertification.sol":{"l":{"40":46,"41":46,"51":0,"59":25,"76":45,"77":44,"78":43,"79":42,"81":41,"82":41,"84":40,"85":40,"87":40,"95":40,"97":40,"99":40,"116":5,"117":4,"118":3,"119":2,"121":1,"122":1,"123":1,"125":1,"139":23,"140":22,"142":21,"144":21,"146":21,"148":21,"162":4,"163":3,"165":2,"166":2,"168":2,"169":4,"170":4,"172":4,"173":4,"175":4,"186":6,"187":2,"190":4,"191":4,"192":0,"195":4,"196":4,"210":3,"212":2,"214":2,"215":5,"217":5,"218":1,"219":1,"222":4,"223":4,"224":0,"225":0,"228":4,"229":4,"232":2,"242":3,"243":3,"244":1,"246":2,"256":8,"265":2,"267":1,"269":1,"288":1,"301":3,"310":5,"311":5},"path":"/Users/simontanna/Repos/github/hackathon/hackathon-t3/packages/contracts/contracts/TrainingCertification.sol","s":{"1":46,"2":0,"3":25,"4":45,"5":44,"6":43,"7":42,"8":41,"9":41,"10":40,"11":40,"12":40,"13":5,"14":4,"15":3,"16":2,"17":1,"18":23,"19":22,"20":21,"21":21,"22":21,"23":4,"24":3,"25":2,"26":2,"27":2,"28":4,"29":4,"30":4,"31":4,"32":6,"33":2,"34":4,"35":4,"36":0,"37":4,"38":4,"39":3,"40":2,"41":2,"42":5,"43":5,"44":4,"45":4,"46":4,"47":2,"48":3,"49":3,"50":1,"51":2,"52":8,"53":2,"54":1,"55":1,"56":1,"57":3,"58":5,"59":5},"b":{"1":[45,1],"2":[44,1],"3":[43,1],"4":[42,1],"5":[41,1],"6":[40,1],"7":[5,1],"8":[4,1],"9":[3,1],"10":[2,1],"11":[1,1],"12":[23,1],"13":[22,1],"14":[21,1],"15":[4,1],"16":[3,1],"17":[2,1],"18":[4,0],"19":[2,4],"20":[0,4],"21":[2,1],"22":[1,4],"23":[0,4],"24":[1,2],"25":[1,1],"26":[5,0]},"f":{"1":46,"2":0,"3":25,"4":45,"5":5,"6":23,"7":4,"8":6,"9":3,"10":3,"11":8,"12":2,"13":3,"14":5},"fnMap":{"1":{"name":"constructor","line":39,"loc":{"start":{"line":39,"column":4},"end":{"line":42,"column":4}}},"2":{"name":"supportsInterface","line":45,"loc":{"start":{"line":45,"column":4},"end":{"line":52,"column":4}}},"3":{"name":"_update","line":55,"loc":{"start":{"line":55,"column":4},"end":{"line":60,"column":4}}},"4":{"name":"createCourse","line":75,"loc":{"start":{"line":70,"column":4},"end":{"line":100,"column":4}}},"5":{"name":"updateCourse","line":115,"loc":{"start":{"line":110,"column":4},"end":{"line":126,"column":4}}},"6":{"name":"mintCertification","line":138,"loc":{"start":{"line":134,"column":4},"end":{"line":149,"column":4}}},"7":{"name":"batchMintCertifications","line":161,"loc":{"start":{"line":157,"column":4},"end":{"line":177,"column":4}}},"8":{"name":"isValid","line":185,"loc":{"start":{"line":185,"column":4},"end":{"line":197,"column":4}}},"9":{"name":"isValidBatch","line":205,"loc":{"start":{"line":205,"column":4},"end":{"line":233,"column":4}}},"10":{"name":"getExpiryTimestamp","line":241,"loc":{"start":{"line":241,"column":4},"end":{"line":247,"column":4}}},"11":{"name":"getMintTimestamp","line":255,"loc":{"start":{"line":255,"column":4},"end":{"line":257,"column":4}}},"12":{"name":"uri","line":264,"loc":{"start":{"line":264,"column":4},"end":{"line":294,"column":4}}},"13":{"name":"getTotalCourses","line":300,"loc":{"start":{"line":300,"column":4},"end":{"line":302,"column":4}}},"14":{"name":"getCourse","line":309,"loc":{"start":{"line":309,"column":4},"end":{"line":312,"column":4}}}},"statementMap":{"1":{"start":{"line":40,"column":8},"end":{"line":40,"column":49}},"2":{"start":{"line":51,"column":8},"end":{"line":51,"column":51}},"3":{"start":{"line":59,"column":8},"end":{"line":59,"column":43}},"4":{"start":{"line":76,"column":8},"end":{"line":76,"column":75}},"5":{"start":{"line":77,"column":8},"end":{"line":77,"column":75}},"6":{"start":{"line":78,"column":8},"end":{"line":78,"column":71}},"7":{"start":{"line":79,"column":8},"end":{"line":79,"column":83}},"8":{"start":{"line":81,"column":8},"end":{"line":81,"column":61}},"9":{"start":{"line":82,"column":8},"end":{"line":82,"column":87}},"10":{"start":{"line":84,"column":8},"end":{"line":84,"column":38}},"11":{"start":{"line":97,"column":8},"end":{"line":97,"column":59}},"12":{"start":{"line":99,"column":8},"end":{"line":99,"column":22}},"13":{"start":{"line":116,"column":8},"end":{"line":116,"column":65}},"14":{"start":{"line":117,"column":8},"end":{"line":117,"column":75}},"15":{"start":{"line":118,"column":8},"end":{"line":118,"column":71}},"16":{"start":{"line":119,"column":8},"end":{"line":119,"column":83}},"17":{"start":{"line":125,"column":8},"end":{"line":125,"column":75}},"18":{"start":{"line":139,"column":8},"end":{"line":139,"column":65}},"19":{"start":{"line":140,"column":8},"end":{"line":140,"column":63}},"20":{"start":{"line":144,"column":8},"end":{"line":144,"column":86}},"21":{"start":{"line":146,"column":8},"end":{"line":146,"column":34}},"22":{"start":{"line":148,"column":8},"end":{"line":148,"column":79}},"23":{"start":{"line":162,"column":8},"end":{"line":162,"column":73}},"24":{"start":{"line":163,"column":8},"end":{"line":163,"column":65}},"25":{"start":{"line":165,"column":8},"end":{"line":165,"column":47}},"26":{"start":{"line":166,"column":8},"end":{"line":166,"column":84}},"27":{"start":{"line":168,"column":8},"end":{"line":168,"column":6222}},"28":{"start":{"line":169,"column":12},"end":{"line":169,"column":45}},"29":{"start":{"line":170,"column":12},"end":{"line":170,"column":74}},"30":{"start":{"line":173,"column":12},"end":{"line":173,"column":45}},"31":{"start":{"line":175,"column":12},"end":{"line":175,"column":88}},"32":{"start":{"line":186,"column":8},"end":{"line":186,"column":6946}},"33":{"start":{"line":187,"column":12},"end":{"line":187,"column":24}},"34":{"start":{"line":190,"column":8},"end":{"line":190,"column":64}},"35":{"start":{"line":191,"column":8},"end":{"line":191,"column":7096}},"36":{"start":{"line":192,"column":12},"end":{"line":192,"column":24}},"37":{"start":{"line":195,"column":8},"end":{"line":195,"column":84}},"38":{"start":{"line":196,"column":8},"end":{"line":196,"column":48}},"39":{"start":{"line":210,"column":8},"end":{"line":210,"column":67}},"40":{"start":{"line":212,"column":8},"end":{"line":212,"column":58}},"41":{"start":{"line":214,"column":8},"end":{"line":214,"column":7806}},"42":{"start":{"line":215,"column":12},"end":{"line":215,"column":39}},"43":{"start":{"line":217,"column":12},"end":{"line":217,"column":7911}},"44":{"start":{"line":222,"column":12},"end":{"line":222,"column":68}},"45":{"start":{"line":223,"column":12},"end":{"line":223,"column":8109}},"46":{"start":{"line":228,"column":12},"end":{"line":228,"column":88}},"47":{"start":{"line":232,"column":8},"end":{"line":232,"column":22}},"48":{"start":{"line":242,"column":8},"end":{"line":242,"column":64}},"49":{"start":{"line":243,"column":8},"end":{"line":243,"column":8823}},"50":{"start":{"line":244,"column":12},"end":{"line":244,"column":20}},"51":{"start":{"line":246,"column":8},"end":{"line":246,"column":65}},"52":{"start":{"line":256,"column":8},"end":{"line":256,"column":47}},"53":{"start":{"line":265,"column":8},"end":{"line":265,"column":65}},"54":{"start":{"line":267,"column":8},"end":{"line":267,"column":48}},"55":{"start":{"line":269,"column":8},"end":{"line":269,"column":9692}},"56":{"start":{"line":288,"column":8},"end":{"line":288,"column":10336}},"57":{"start":{"line":301,"column":8},"end":{"line":301,"column":31}},"58":{"start":{"line":310,"column":8},"end":{"line":310,"column":65}},"59":{"start":{"line":311,"column":8},"end":{"line":311,"column":32}}},"branchMap":{"1":{"line":75,"type":"if","locations":[{"start":{"line":75,"column":15},"end":{"line":75,"column":15}},{"start":{"line":75,"column":15},"end":{"line":75,"column":15}}]},"2":{"line":76,"type":"if","locations":[{"start":{"line":76,"column":8},"end":{"line":76,"column":8}},{"start":{"line":76,"column":8},"end":{"line":76,"column":8}}]},"3":{"line":77,"type":"if","locations":[{"start":{"line":77,"column":8},"end":{"line":77,"column":8}},{"start":{"line":77,"column":8},"end":{"line":77,"column":8}}]},"4":{"line":78,"type":"if","locations":[{"start":{"line":78,"column":8},"end":{"line":78,"column":8}},{"start":{"line":78,"column":8},"end":{"line":78,"column":8}}]},"5":{"line":79,"type":"if","locations":[{"start":{"line":79,"column":8},"end":{"line":79,"column":8}},{"start":{"line":79,"column":8},"end":{"line":79,"column":8}}]},"6":{"line":82,"type":"if","locations":[{"start":{"line":82,"column":8},"end":{"line":82,"column":8}},{"start":{"line":82,"column":8},"end":{"line":82,"column":8}}]},"7":{"line":115,"type":"if","locations":[{"start":{"line":115,"column":15},"end":{"line":115,"column":15}},{"start":{"line":115,"column":15},"end":{"line":115,"column":15}}]},"8":{"line":116,"type":"if","locations":[{"start":{"line":116,"column":8},"end":{"line":116,"column":8}},{"start":{"line":116,"column":8},"end":{"line":116,"column":8}}]},"9":{"line":117,"type":"if","locations":[{"start":{"line":117,"column":8},"end":{"line":117,"column":8}},{"start":{"line":117,"column":8},"end":{"line":117,"column":8}}]},"10":{"line":118,"type":"if","locations":[{"start":{"line":118,"column":8},"end":{"line":118,"column":8}},{"start":{"line":118,"column":8},"end":{"line":118,"column":8}}]},"11":{"line":119,"type":"if","locations":[{"start":{"line":119,"column":8},"end":{"line":119,"column":8}},{"start":{"line":119,"column":8},"end":{"line":119,"column":8}}]},"12":{"line":138,"type":"if","locations":[{"start":{"line":138,"column":15},"end":{"line":138,"column":15}},{"start":{"line":138,"column":15},"end":{"line":138,"column":15}}]},"13":{"line":139,"type":"if","locations":[{"start":{"line":139,"column":8},"end":{"line":139,"column":8}},{"start":{"line":139,"column":8},"end":{"line":139,"column":8}}]},"14":{"line":140,"type":"if","locations":[{"start":{"line":140,"column":8},"end":{"line":140,"column":8}},{"start":{"line":140,"column":8},"end":{"line":140,"column":8}}]},"15":{"line":161,"type":"if","locations":[{"start":{"line":161,"column":15},"end":{"line":161,"column":15}},{"start":{"line":161,"column":15},"end":{"line":161,"column":15}}]},"16":{"line":162,"type":"if","locations":[{"start":{"line":162,"column":8},"end":{"line":162,"column":8}},{"start":{"line":162,"column":8},"end":{"line":162,"column":8}}]},"17":{"line":163,"type":"if","locations":[{"start":{"line":163,"column":8},"end":{"line":163,"column":8}},{"start":{"line":163,"column":8},"end":{"line":163,"column":8}}]},"18":{"line":170,"type":"if","locations":[{"start":{"line":170,"column":12},"end":{"line":170,"column":12}},{"start":{"line":170,"column":12},"end":{"line":170,"column":12}}]},"19":{"line":186,"type":"if","locations":[{"start":{"line":186,"column":8},"end":{"line":186,"column":8}},{"start":{"line":186,"column":8},"end":{"line":186,"column":8}}]},"20":{"line":191,"type":"if","locations":[{"start":{"line":191,"column":8},"end":{"line":191,"column":8}},{"start":{"line":191,"column":8},"end":{"line":191,"column":8}}]},"21":{"line":210,"type":"if","locations":[{"start":{"line":210,"column":8},"end":{"line":210,"column":8}},{"start":{"line":210,"column":8},"end":{"line":210,"column":8}}]},"22":{"line":217,"type":"if","locations":[{"start":{"line":217,"column":12},"end":{"line":217,"column":12}},{"start":{"line":217,"column":12},"end":{"line":217,"column":12}}]},"23":{"line":223,"type":"if","locations":[{"start":{"line":223,"column":12},"end":{"line":223,"column":12}},{"start":{"line":223,"column":12},"end":{"line":223,"column":12}}]},"24":{"line":243,"type":"if","locations":[{"start":{"line":243,"column":8},"end":{"line":243,"column":8}},{"start":{"line":243,"column":8},"end":{"line":243,"column":8}}]},"25":{"line":265,"type":"if","locations":[{"start":{"line":265,"column":8},"end":{"line":265,"column":8}},{"start":{"line":265,"column":8},"end":{"line":265,"column":8}}]},"26":{"line":310,"type":"if","locations":[{"start":{"line":310,"column":8},"end":{"line":310,"column":8}},{"start":{"line":310,"column":8},"end":{"line":310,"column":8}}]}}}}